2015-12-31 1:57:51, INFO, ::1, File[ C:\xampp\htdocs\lfxwap\unionpay\payment.php ], Line[18]------ ============处理前台请求开始=============== 
2015-12-31 1:57:51, INFO, ::1, File[ C:\xampp\htdocs\lfxwap\unionpay\func\secureUtil.php ], Line[16]------ =====签名报文开始====== 
2015-12-31 1:57:51, INFO, ::1, File[ C:\xampp\htdocs\lfxwap\unionpay\func\secureUtil.php ], Line[22]------ 签名key=val&...串 >accessType=0&backUrl=http://114.82.43.123/upacp_sdk_php/demo/utf8/BackReceive.php&bizType=000201&certId=&channelType=08&currencyCode=156&defaultPayType=0001&encoding=utf-8&frontUrl=http://localhost:8085/upacp_sdk_php/demo/utf8/FrontReceive.php&merId=888888888888888&orderId=20151231015751&reqReserved= 透传信息&signMethod=01&txnAmt=100&txnSubType=01&txnTime=20151231015751&txnType=01&version=5.0.0 
2015-12-31 1:57:51, INFO, ::1, File[ C:\xampp\htdocs\lfxwap\unionpay\func\secureUtil.php ], Line[25]------ 摘要sha1x16 >e5afd5ce114768d6db3e0826373246e80ee61818 
2015-12-31 1:57:51, INFO, ::1, File[ C:\xampp\htdocs\lfxwap\unionpay\func\secureUtil.php ], Line[36]------ >>>>>签名失败<<<<<<< 
2015-12-31 1:57:51, INFO, ::1, File[ C:\xampp\htdocs\lfxwap\unionpay\func\secureUtil.php ], Line[38]------ =====签名报文结束====== 
2015-12-31 1:57:51, INFO, ::1, File[ C:\xampp\htdocs\lfxwap\unionpay\payment.php ], Line[49]------ 前台请求地址为>https://101.231.204.80:5000/gateway/api/frontTransReq.do 
2015-12-31 1:57:51, INFO, ::1, File[ C:\xampp\htdocs\lfxwap\unionpay\payment.php ], Line[53]------ -------前台交易自动提交表单>--begin---- 
2015-12-31 1:57:51, INFO, ::1, File[ C:\xampp\htdocs\lfxwap\unionpay\payment.php ], Line[54]------ <html>
<head>
    <meta http-equiv="Content-Type" content="text/html; charset=utf-8" />
</head>
<body  onload="javascript:document.pay_form.submit();">
    <form id="pay_form" name="pay_form" action="https://101.231.204.80:5000/gateway/api/frontTransReq.do" method="post">
	    <input type="hidden" name="version" id="version" value="5.0.0" />
    <input type="hidden" name="encoding" id="encoding" value="utf-8" />
    <input type="hidden" name="certId" id="certId" value="" />
    <input type="hidden" name="txnType" id="txnType" value="01" />
    <input type="hidden" name="txnSubType" id="txnSubType" value="01" />
    <input type="hidden" name="bizType" id="bizType" value="000201" />
    <input type="hidden" name="frontUrl" id="frontUrl" value="http://localhost:8085/upacp_sdk_php/demo/utf8/FrontReceive.php" />
    <input type="hidden" name="backUrl" id="backUrl" value="http://114.82.43.123/upacp_sdk_php/demo/utf8/BackReceive.php" />
    <input type="hidden" name="signMethod" id="signMethod" value="01" />
    <input type="hidden" name="channelType" id="channelType" value="08" />
    <input type="hidden" name="accessType" id="accessType" value="0" />
    <input type="hidden" name="merId" id="merId" value="888888888888888" />
    <input type="hidden" name="orderId" id="orderId" value="20151231015751" />
    <input type="hidden" name="txnTime" id="txnTime" value="20151231015751" />
    <input type="hidden" name="txnAmt" id="txnAmt" value="100" />
    <input type="hidden" name="currencyCode" id="currencyCode" value="156" />
    <input type="hidden" name="defaultPayType" id="defaultPayType" value="0001" />
    <input type="hidden" name="reqReserved" id="reqReserved" value=" 透传信息" />
    <input type="submit" type="hidden">
    </form>
</body>
</html> 
2015-12-31 1:57:51, INFO, ::1, File[ C:\xampp\htdocs\lfxwap\unionpay\payment.php ], Line[55]------ -------前台交易自动提交表单>--end------- 
2015-12-31 1:57:51, INFO, ::1, File[ C:\xampp\htdocs\lfxwap\unionpay\payment.php ], Line[56]------ ============处理前台请求 结束=========== 
